<?xml version="1.0" encoding="UTF-8"?>
<!-- Generated by org.testng.reporters.JUnitReportReporter -->
<testsuite skipped="0" hostname="pratimas-MacBook-Pro.local" name="tests.Testing1" tests="2" failures="0" timestamp="2020-04-20T16:25:32 PDT" time="0.053" errors="1">
  <testcase name="SampleTest" time="0.010" classname="tests.Testing1"/>
  <system-out/>
  <testcase name="teardown" time="0.043" classname="tests.Testing1">
    <error type="org.openqa.selenium.UnsupportedCommandException" message="Method is not implemented (WARNING: The server did not provide any stacktrace information)
Command duration or timeout: 42 milliseconds
Build info: version: &#039;2.52.0&#039;, revision: &#039;4c2593cfc3689a7fcd7be52549167e5ccc93ad28&#039;, time: &#039;2016-02-11 11:22:43&#039;
System info: host: &#039;pratimas-MacBook-Pro.local&#039;, ip: &#039;192.168.1.3&#039;, os.name: &#039;Mac OS X&#039;, os.arch: &#039;x86_64&#039;, os.version: &#039;10.14.6&#039;, java.version: &#039;1.8.0_231&#039;
Driver info: io.appium.java_client.ios.IOSDriver
Capabilities [{app=/Users/pratima.chinthala/Documents/connect/connect.ipa, networkConnectionEnabled=false, noReset=true, xcodeOrgID=VP29PT4S86, databaseEnabled=false, startIWDP=true, updatedWDABundleId=com.servicemaxinc.WebDriverAgentRunner, deviceName=Pratima iPhone, updatedWDABundleID=com.servicemaxinc.WebDriverAgentRunner, xcodeSigningId=Apple Development:Servicmax FSA (6DFUZHHYAX), platform=MAC, appium-version=1.17.0, platformVersion=13.2.2, webStorageEnabled=false, locationContextEnabled=false, automationName=XCUITest, browserName=, takesScreenshot=true, javascriptEnabled=true, platformName=iOS, udid=00008030-001024301ADA802E}]
Session ID: 8517fbf3-bfd9-429a-9ec3-ce5035b550b9">
      <![CDATA[org.openqa.selenium.UnsupportedCommandException: Method is not implemented (WARNING: The server did not provide any stacktrace information)
Command duration or timeout: 42 milliseconds
Build info: version: '2.52.0', revision: '4c2593cfc3689a7fcd7be52549167e5ccc93ad28', time: '2016-02-11 11:22:43'
System info: host: 'pratimas-MacBook-Pro.local', ip: '192.168.1.3', os.name: 'Mac OS X', os.arch: 'x86_64', os.version: '10.14.6', java.version: '1.8.0_231'
Driver info: io.appium.java_client.ios.IOSDriver
Capabilities [{app=/Users/pratima.chinthala/Documents/connect/connect.ipa, networkConnectionEnabled=false, noReset=true, xcodeOrgID=VP29PT4S86, databaseEnabled=false, startIWDP=true, updatedWDABundleId=com.servicemaxinc.WebDriverAgentRunner, deviceName=Pratima iPhone, updatedWDABundleID=com.servicemaxinc.WebDriverAgentRunner, xcodeSigningId=Apple Development:Servicmax FSA (6DFUZHHYAX), platform=MAC, appium-version=1.17.0, platformVersion=13.2.2, webStorageEnabled=false, locationContextEnabled=false, automationName=XCUITest, browserName=, takesScreenshot=true, javascriptEnabled=true, platformName=iOS, udid=00008030-001024301ADA802E}]
Session ID: 8517fbf3-bfd9-429a-9ec3-ce5035b550b9
at sun.reflect.NativeConstructorAccessorImpl.newInstance0(Native Method)
at sun.reflect.NativeConstructorAccessorImpl.newInstance(NativeConstructorAccessorImpl.java:62)
at sun.reflect.DelegatingConstructorAccessorImpl.newInstance(DelegatingConstructorAccessorImpl.java:45)
at java.lang.reflect.Constructor.newInstance(Constructor.java:423)
at org.openqa.selenium.remote.ErrorHandler.createThrowable(ErrorHandler.java:206)
at org.openqa.selenium.remote.ErrorHandler.throwIfResponseFailed(ErrorHandler.java:158)
at org.openqa.selenium.remote.RemoteWebDriver.execute(RemoteWebDriver.java:678)
at io.appium.java_client.DefaultGenericMobileDriver.execute(DefaultGenericMobileDriver.java:42)
at io.appium.java_client.AppiumDriver.execute(AppiumDriver.java:206)
at org.openqa.selenium.remote.RemoteWebDriver.close(RemoteWebDriver.java:521)
at tests.BaseClass.teardown(BaseClass.java:525)
at sun.reflect.NativeMethodAccessorImpl.invoke0(Native Method)
at sun.reflect.NativeMethodAccessorImpl.invoke(NativeMethodAccessorImpl.java:62)
at sun.reflect.DelegatingMethodAccessorImpl.invoke(DelegatingMethodAccessorImpl.java:43)
at java.lang.reflect.Method.invoke(Method.java:498)
at org.testng.internal.MethodInvocationHelper.invokeMethod(MethodInvocationHelper.java:134)
at org.testng.internal.MethodInvocationHelper.invokeMethodConsideringTimeout(MethodInvocationHelper.java:63)
at org.testng.internal.ConfigInvoker.invokeConfigurationMethod(ConfigInvoker.java:348)
at org.testng.internal.ConfigInvoker.invokeConfigurations(ConfigInvoker.java:302)
at org.testng.SuiteRunner.privateRun(SuiteRunner.java:351)
at org.testng.SuiteRunner.run(SuiteRunner.java:286)
at org.testng.SuiteRunnerWorker.runSuite(SuiteRunnerWorker.java:53)
at org.testng.SuiteRunnerWorker.run(SuiteRunnerWorker.java:96)
at org.testng.TestNG.runSuitesSequentially(TestNG.java:1187)
at org.testng.TestNG.runSuitesLocally(TestNG.java:1109)
at org.testng.TestNG.runSuites(TestNG.java:1039)
at org.testng.TestNG.run(TestNG.java:1007)
at org.testng.remote.AbstractRemoteTestNG.run(AbstractRemoteTestNG.java:115)
at org.testng.remote.RemoteTestNG.initAndRun(RemoteTestNG.java:251)
at org.testng.remote.RemoteTestNG.main(RemoteTestNG.java:77)
]]>
    </error>
  </testcase> <!-- teardown -->
  <system-out/>
</testsuite> <!-- tests.Testing1 -->
